Using pre-set license
Built from '2021.3/staging' branch; Version is '2021.3.6f1 (7da38d85baf6) revision 8233869'; Using compiler version '192829333'; Build Type 'Release'
OS: 'Windows 11  (10.0.26100) 64bit Professional' Language: 'en' Physical Memory: 32635 MB
BatchMode: 1, IsHumanControllingUs: 0, StartBugReporterOnCrash: 0, Is64bit: 1, IsPro: 1

COMMAND LINE ARGUMENTS:
C:\Program Files\Unity\Hub\Editor\2021.3.6f1\Editor\Unity.exe
-adb2
-batchMode
-noUpm
-name
AssetImportWorker1
-projectPath
C:/Users/huevv/AppData/Local/Temp/cb64335a46ce60b44bfb3d1d9cf353c7
-logFile
Logs/AssetImportWorker1.log
-srvPort
58479
Successfully changed project path to: C:/Users/huevv/AppData/Local/Temp/cb64335a46ce60b44bfb3d1d9cf353c7
C:/Users/huevv/AppData/Local/Temp/cb64335a46ce60b44bfb3d1d9cf353c7
[UnityMemory] Configuration Parameters - Can be set up in boot.config
    "memorysetup-bucket-allocator-granularity=16"
    "memorysetup-bucket-allocator-bucket-count=8"
    "memorysetup-bucket-allocator-block-size=33554432"
    "memorysetup-bucket-allocator-block-count=8"
    "memorysetup-main-allocator-block-size=16777216"
    "memorysetup-thread-allocator-block-size=16777216"
    "memorysetup-gfx-main-allocator-block-size=16777216"
    "memorysetup-gfx-thread-allocator-block-size=16777216"
    "memorysetup-cache-allocator-block-size=4194304"
    "memorysetup-typetree-allocator-block-size=2097152"
    "memorysetup-profiler-bucket-allocator-granularity=16"
    "memorysetup-profiler-bucket-allocator-bucket-count=8"
    "memorysetup-profiler-bucket-allocator-block-size=33554432"
    "memorysetup-profiler-bucket-allocator-block-count=8"
    "memorysetup-profiler-allocator-block-size=16777216"
    "memorysetup-profiler-editor-allocator-block-size=1048576"
    "memorysetup-temp-allocator-size-main=16777216"
    "memorysetup-job-temp-allocator-block-size=2097152"
    "memorysetup-job-temp-allocator-block-size-background=1048576"
    "memorysetup-job-temp-allocator-reduction-small-platforms=262144"
    "memorysetup-temp-allocator-size-background-worker=32768"
    "memorysetup-temp-allocator-size-job-worker=262144"
    "memorysetup-temp-allocator-size-preload-manager=33554432"
    "memorysetup-temp-allocator-size-nav-mesh-worker=65536"
    "memorysetup-temp-allocator-size-audio-worker=65536"
    "memorysetup-temp-allocator-size-cloud-worker=32768"
    "memorysetup-temp-allocator-size-gi-baking-worker=262144"
    "memorysetup-temp-allocator-size-gfx=262144"
Refreshing native plugins compatible for Editor in 123.35 ms, found 3 plugins.
Preloading 0 native plugins for Editor in 0.00 ms.
Initialize engine version: 2021.3.6f1 (7da38d85baf6)
[Subsystems] Discovering subsystems at path C:/Program Files/Unity/Hub/Editor/2021.3.6f1/Editor/Data/Resources/UnitySubsystems
[Subsystems] Discovering subsystems at path C:/Users/huevv/AppData/Local/Temp/cb64335a46ce60b44bfb3d1d9cf353c7/Assets
GfxDevice: creating device client; threaded=0; jobified=0
Direct3D:
    Version:  Direct3D 11.0 [level 11.1]
    Renderer: NVIDIA GeForce RTX 3060 Ti (ID=0x2489)
    Vendor:   NVIDIA
    VRAM:     8024 MB
    Driver:   32.0.15.6636
Initialize mono
Mono path[0] = 'C:/Program Files/Unity/Hub/Editor/2021.3.6f1/Editor/Data/Managed'
Mono path[1] = 'C:/Program Files/Unity/Hub/Editor/2021.3.6f1/Editor/Data/MonoBleedingEdge/lib/mono/unityjit-win32'
Mono config path = 'C:/Program Files/Unity/Hub/Editor/2021.3.6f1/Editor/Data/MonoBleedingEdge/etc'
Using monoOptions --debugger-agent=transport=dt_socket,embedding=1,server=y,suspend=n,address=127.0.0.1:56840
Begin MonoManager ReloadAssembly
Registering precompiled unity dll's ...
Register platform support module: C:/Program Files/Unity/Hub/Editor/2021.3.6f1/Editor/Data/PlaybackEngines/WindowsStandaloneSupport/UnityEditor.WindowsStandalone.Extensions.dll
Registered in 0.005149 seconds.
Native extension for WindowsStandalone target not found
Refreshing native plugins compatible for Editor in 145.53 ms, found 3 plugins.
Preloading 0 native plugins for Editor in 0.00 ms.
Mono: successfully reloaded assembly
- Completed reload, in  0.691 seconds
Domain Reload Profiling:
	ReloadAssembly (691ms)
		BeginReloadAssembly (71ms)
			ExecutionOrderSort (0ms)
			DisableScriptedObjects (0ms)
			BackupInstance (0ms)
			ReleaseScriptingObjects (0ms)
			CreateAndSetChildDomain (1ms)
		EndReloadAssembly (494ms)
			LoadAssemblies (67ms)
			RebuildTransferFunctionScriptingTraits (0ms)
			SetupTypeCache (114ms)
			ReleaseScriptCaches (0ms)
			RebuildScriptCaches (26ms)
			SetupLoadedEditorAssemblies (294ms)
				LogAssemblyErrors (0ms)
				InitializePlatformSupportModulesInManaged (6ms)
				SetLoadedEditorAssemblies (0ms)
				RefreshPlugins (146ms)
				BeforeProcessingInitializeOnLoad (1ms)
				ProcessInitializeOnLoadAttributes (101ms)
				ProcessInitializeOnLoadMethodAttributes (40ms)
				AfterProcessingInitializeOnLoad (0ms)
				EditorAssembliesLoaded (0ms)
			ExecutionOrderSort2 (0ms)
			AwakeInstancesAfterBackupRestoration (0ms)
Platform modules already initialized, skipping
Registering precompiled user dll's ...
Registered in 0.008173 seconds.
Begin MonoManager ReloadAssembly
Native extension for WindowsStandalone target not found
Refreshing native plugins compatible for Editor in 109.36 ms, found 3 plugins.
Preloading 0 native plugins for Editor in 0.00 ms.
Package Manager log level set to [2]
Mono: successfully reloaded assembly
- Completed reload, in  1.181 seconds
Domain Reload Profiling:
	ReloadAssembly (1182ms)
		BeginReloadAssembly (101ms)
			ExecutionOrderSort (0ms)
			DisableScriptedObjects (4ms)
			BackupInstance (0ms)
			ReleaseScriptingObjects (0ms)
			CreateAndSetChildDomain (18ms)
		EndReloadAssembly (989ms)
			LoadAssemblies (79ms)
			RebuildTransferFunctionScriptingTraits (0ms)
			SetupTypeCache (225ms)
			ReleaseScriptCaches (1ms)
			RebuildScriptCaches (60ms)
			SetupLoadedEditorAssemblies (579ms)
				LogAssemblyErrors (0ms)
				InitializePlatformSupportModulesInManaged (3ms)
				SetLoadedEditorAssemblies (0ms)
				RefreshPlugins (109ms)
				BeforeProcessingInitializeOnLoad (93ms)
				ProcessInitializeOnLoadAttributes (195ms)
				ProcessInitializeOnLoadMethodAttributes (173ms)
				AfterProcessingInitializeOnLoad (5ms)
				EditorAssembliesLoaded (0ms)
			ExecutionOrderSort2 (0ms)
			AwakeInstancesAfterBackupRestoration (7ms)
Platform modules already initialized, skipping
========================================================================
Worker process is ready to serve import requests
Launched and connected shader compiler UnityShaderCompiler.exe after 0.03 seconds
Refreshing native plugins compatible for Editor in 1.47 ms, found 3 plugins.
Preloading 0 native plugins for Editor in 0.00 ms.
Unloading 6303 Unused Serialized files (Serialized files now loaded: 0)
Unloading 73 unused Assets / (0.7 MB). Loaded Objects now: 6724.
Memory consumption went from 233.0 MB to 232.3 MB.
Total: 10.888400 ms (FindLiveObjects: 0.599200 ms CreateObjectMapping: 0.497100 ms MarkObjects: 9.005400 ms  DeleteObjects: 0.784000 ms)

AssetImportParameters requested are different than current active one (requested -> active):
  custom:video-decoder-ogg-theora: a1e56fd34408186e4bbccfd4996cb3dc -> 
  custom:container-muxer-webm: aa71ff27fc2769a1b78a27578f13a17b -> 
  custom:container-demuxer-webm: 4f35f7cbe854078d1ac9338744f61a02 -> 
  custom:video-encoder-webm-vp8: eb34c28f22e8b96e1ab97ce403110664 -> 
  custom:video-codec-MediaFoundation-h265: 746d11721c4dcdbdad8f713fa42b33f4 -> 
  custom:audio-encoder-webm-vorbis: bf7c407c2cedff20999df2af8eb42d56 -> 
  custom:framework-win-MediaFoundation: 216162199b28c13a410421893ffa2e32 -> 
  custom:container-demuxer-ogg: 62fdf1f143b41e24485cea50d1cbac27 -> 
  custom:video-decoder-webm-vp8: 9c59270c3fd7afecdb556c50c9e8de78 -> 
  custom:audio-decoder-ogg-vorbis: bf7c407c2cedff20999df2af8eb42d56 -> 
========================================================================
Received Import Request.
  Time since last request: 31474.023867 seconds.
  path: Assets/RenderingPipeline.asset
  artifactKey: Guid(ccdbdba252991284fa9a2e2dc349537d) Importer(815301076,1909f56bfc062723c751e8b465ee728b)
Start importing Assets/RenderingPipeline.asset using Guid(ccdbdba252991284fa9a2e2dc349537d) Importer(815301076,1909f56bfc062723c751e8b465ee728b)  -> (artifact id: '9cf72022e09b960af85f558d9d7efd8f') in 0.047604 seconds 
========================================================================
Received Import Request.
  Time since last request: 0.000024 seconds.
  path: Assets/UIRenderer.asset
  artifactKey: Guid(45e4c9a2a5aaef0409ca1edd4a368fc6) Importer(815301076,1909f56bfc062723c751e8b465ee728b)
Start importing Assets/UIRenderer.asset using Guid(45e4c9a2a5aaef0409ca1edd4a368fc6) Importer(815301076,1909f56bfc062723c751e8b465ee728b)  -> (artifact id: 'bb418501fea0c321ad44588f3f9e3a6f') in 0.003494 seconds 
========================================================================
Received Import Request.
  Time since last request: 0.962249 seconds.
  path: Assets/AddressableAssetsData/DefaultObject.asset
  artifactKey: Guid(b326c184dbebf6b4e8e5be689c39d470) Importer(815301076,1909f56bfc062723c751e8b465ee728b)
Start importing Assets/AddressableAssetsData/DefaultObject.asset using Guid(b326c184dbebf6b4e8e5be689c39d470) Importer(815301076,1909f56bfc062723c751e8b465ee728b)  -> (artifact id: '15b67d60efdf4db34789762cfd9ca8ae') in 0.002038 seconds 
========================================================================
Received Import Request.
  Time since last request: 0.837365 seconds.
  path: Assets/Animation/Cat_Death2.fbx
  artifactKey: Guid(88b2e8e5e041b074c87388a900d4d60d) Importer(815301076,1909f56bfc062723c751e8b465ee728b)
Start importing Assets/Animation/Cat_Death2.fbx using Guid(88b2e8e5e041b074c87388a900d4d60d) Importer(815301076,1909f56bfc062723c751e8b465ee728b)  -> (artifact id: '3e4d0fd620f33fab6aea3f99800d844a') in 0.046562 seconds 
========================================================================
Received Import Request.
  Time since last request: 0.000036 seconds.
  path: Assets/Animation/ObstacleWorkCone_Death.fbx
  artifactKey: Guid(58219e8eced12ce4c9723796d507d515) Importer(815301076,1909f56bfc062723c751e8b465ee728b)
Start importing Assets/Animation/ObstacleWorkCone_Death.fbx using Guid(58219e8eced12ce4c9723796d507d515) Importer(815301076,1909f56bfc062723c751e8b465ee728b)  -> (artifact id: 'a85e7642046316b600cbe892c4cba682') in 0.435411 seconds 
========================================================================
Received Import Request.
  Time since last request: 0.000042 seconds.
  path: Assets/Animation/ObstacleBin.fbx
  artifactKey: Guid(0d2b18ab5b0d98e4e96bce5fbaea35f7) Importer(815301076,1909f56bfc062723c751e8b465ee728b)
Start importing Assets/Animation/ObstacleBin.fbx using Guid(0d2b18ab5b0d98e4e96bce5fbaea35f7) Importer(815301076,1909f56bfc062723c751e8b465ee728b)  -> (artifact id: '68135efdda6e8b4412a2072baa558d0c') in 0.053947 seconds 
========================================================================
Received Import Request.
  Time since last request: 0.000080 seconds.
  path: Assets/Animation/Cat_ForbiddenDance.fbx
  artifactKey: Guid(71d992f52ae71374a9dc7c54ed7bfad7) Importer(815301076,1909f56bfc062723c751e8b465ee728b)
Start importing Assets/Animation/Cat_ForbiddenDance.fbx using Guid(71d992f52ae71374a9dc7c54ed7bfad7) Importer(815301076,1909f56bfc062723c751e8b465ee728b)  -> (artifact id: '33291226f4e31f07f512c35c48c8cfb2') in 0.019091 seconds 
========================================================================
Received Import Request.
  Time since last request: 0.000031 seconds.
  path: Assets/Animation/ObstacleWheelyBin.fbx
  artifactKey: Guid(89db83d228927234ab3737e12e64660e) Importer(815301076,1909f56bfc062723c751e8b465ee728b)
Start importing Assets/Animation/ObstacleWheelyBin.fbx using Guid(89db83d228927234ab3737e12e64660e) Importer(815301076,1909f56bfc062723c751e8b465ee728b)  -> (artifact id: '99948ecc36dd234b2a015207989e3832') in 0.054639 seconds 
========================================================================
Received Import Request.
  Time since last request: 0.000064 seconds.
  path: Assets/Animation/Cat_IdleHappy.fbx
  artifactKey: Guid(4aedf45fe7389f6499430917841b9c9b) Importer(815301076,1909f56bfc062723c751e8b465ee728b)
Start importing Assets/Animation/Cat_IdleHappy.fbx using Guid(4aedf45fe7389f6499430917841b9c9b) Importer(815301076,1909f56bfc062723c751e8b465ee728b)  -> (artifact id: '2b9efb639e353c68f639b86de9647971') in 0.015887 seconds 
========================================================================
Received Import Request.
  Time since last request: 0.000057 seconds.
  path: Assets/Animation/Cat_RunShort.fbx
  artifactKey: Guid(ac868813a16d6744dbbbc1b005a6d778) Importer(815301076,1909f56bfc062723c751e8b465ee728b)
Start importing Assets/Animation/Cat_RunShort.fbx using Guid(ac868813a16d6744dbbbc1b005a6d778) Importer(815301076,1909f56bfc062723c751e8b465ee728b)  -> (artifact id: 'dc01a0faf4623d0bc6e7e88a3a977846') in 0.016141 seconds 
========================================================================
Received Import Request.
  Time since last request: 0.000052 seconds.
  path: Assets/Animation/Cat_RunShort2.fbx
  artifactKey: Guid(f608a49f7f7fffd478322957af42c6aa) Importer(815301076,1909f56bfc062723c751e8b465ee728b)
Start importing Assets/Animation/Cat_RunShort2.fbx using Guid(f608a49f7f7fffd478322957af42c6aa) Importer(815301076,1909f56bfc062723c751e8b465ee728b)  -> (artifact id: 'bcc25d6b74475889fa0f43bed2f3a056') in 0.016465 seconds 
========================================================================
Received Import Request.
  Time since last request: 0.000058 seconds.
  path: Assets/Animation/Cat_HitHighWall.fbx
  artifactKey: Guid(f98d5050f70fc7f479df8195dac6cdc1) Importer(815301076,1909f56bfc062723c751e8b465ee728b)
Start importing Assets/Animation/Cat_HitHighWall.fbx using Guid(f98d5050f70fc7f479df8195dac6cdc1) Importer(815301076,1909f56bfc062723c751e8b465ee728b)  -> (artifact id: '145ee3d613427d7dd5d88435ef6bbccd') in 0.015011 seconds 
========================================================================
Received Import Request.
  Time since last request: 0.000046 seconds.
  path: Assets/Animation/Cat_Jump.fbx
  artifactKey: Guid(0acece627e204ac4ba299db2aa08e1d7) Importer(815301076,1909f56bfc062723c751e8b465ee728b)
Start importing Assets/Animation/Cat_Jump.fbx using Guid(0acece627e204ac4ba299db2aa08e1d7) Importer(815301076,1909f56bfc062723c751e8b465ee728b)  -> (artifact id: 'e11fe4f952a9e891e0abbbbf8d16806e') in 0.016714 seconds 
========================================================================
Received Import Request.
  Time since last request: 0.000031 seconds.
  path: Assets/Animation/Cat_Start.fbx
  artifactKey: Guid(4e3997f7ca676d84eaa37ed695899be6) Importer(815301076,1909f56bfc062723c751e8b465ee728b)
Start importing Assets/Animation/Cat_Start.fbx using Guid(4e3997f7ca676d84eaa37ed695899be6) Importer(815301076,1909f56bfc062723c751e8b465ee728b)  -> (artifact id: '91cc9b5bd298f2593b9ab05dce965b61') in 0.013416 seconds 
========================================================================
Received Import Request.
  Time since last request: 0.000034 seconds.
  path: Assets/Animation/Cat_Idle2.fbx
  artifactKey: Guid(4b9ee049a28fd754fa0bcc69d030a1fd) Importer(815301076,1909f56bfc062723c751e8b465ee728b)
Start importing Assets/Animation/Cat_Idle2.fbx using Guid(4b9ee049a28fd754fa0bcc69d030a1fd) Importer(815301076,1909f56bfc062723c751e8b465ee728b)  -> (artifact id: '66d018dd24b3a42631356e6fce5f5e91') in 0.013811 seconds 
========================================================================
Received Import Request.
  Time since last request: 0.000032 seconds.
  path: Assets/Animation/Dog_Idle.fbx
  artifactKey: Guid(c6c6236ffea8b3b49862086c2f48a875) Importer(815301076,1909f56bfc062723c751e8b465ee728b)
Start importing Assets/Animation/Dog_Idle.fbx using Guid(c6c6236ffea8b3b49862086c2f48a875) Importer(815301076,1909f56bfc062723c751e8b465ee728b)  -> (artifact id: 'c9f129e8bc10d836b2d82463c382f4eb') in 0.015286 seconds 
========================================================================
Received Import Request.
  Time since last request: 0.000031 seconds.
  path: Assets/Animation/Rat_Run.fbx
  artifactKey: Guid(1fa0d134c763a194ea3daba8ff85489a) Importer(815301076,1909f56bfc062723c751e8b465ee728b)
Start importing Assets/Animation/Rat_Run.fbx using Guid(1fa0d134c763a194ea3daba8ff85489a) Importer(815301076,1909f56bfc062723c751e8b465ee728b)  -> (artifact id: 'b1041344651ed89a163b514595bc39da') in 0.016098 seconds 
========================================================================
Received Import Request.
  Time since last request: 0.000033 seconds.
  path: Assets/Animation/Cat_Death3.fbx
  artifactKey: Guid(07bcfd54beda6dd42a225a00d5f2c1b7) Importer(815301076,1909f56bfc062723c751e8b465ee728b)
Start importing Assets/Animation/Cat_Death3.fbx using Guid(07bcfd54beda6dd42a225a00d5f2c1b7) Importer(815301076,1909f56bfc062723c751e8b465ee728b)  -> (artifact id: 'c16ce00a4bb27ba06b51adcd76a8eaf2') in 0.015208 seconds 
========================================================================
Received Import Request.
  Time since last request: 0.000039 seconds.
  path: Assets/Animation/Cat_Idle4.fbx
  artifactKey: Guid(9e4143f04ab45b349862678ebf01c95a) Importer(815301076,1909f56bfc062723c751e8b465ee728b)
Start importing Assets/Animation/Cat_Idle4.fbx using Guid(9e4143f04ab45b349862678ebf01c95a) Importer(815301076,1909f56bfc062723c751e8b465ee728b)  -> (artifact id: 'bf94486543d94917665f49e62fccd995') in 0.017071 seconds 
========================================================================
Received Import Request.
  Time since last request: 0.000060 seconds.
  path: Assets/Animation/Cat_Slide.fbx
  artifactKey: Guid(f0abd8be76cd66f46bdba3dd45ee62d3) Importer(815301076,1909f56bfc062723c751e8b465ee728b)
Start importing Assets/Animation/Cat_Slide.fbx using Guid(f0abd8be76cd66f46bdba3dd45ee62d3) Importer(815301076,1909f56bfc062723c751e8b465ee728b)  -> (artifact id: '3e892865a4da6cc83a2916d7160755f3') in 0.016427 seconds 
========================================================================
Received Import Request.
  Time since last request: 0.000042 seconds.
  path: Assets/Animation/ObstacleRoadWorksBarrierLow_Death.fbx
  artifactKey: Guid(9b635fbb467c2e84f9b8b0d2cc7a19fd) Importer(815301076,1909f56bfc062723c751e8b465ee728b)
Start importing Assets/Animation/ObstacleRoadWorksBarrierLow_Death.fbx using Guid(9b635fbb467c2e84f9b8b0d2cc7a19fd) Importer(815301076,1909f56bfc062723c751e8b465ee728b)  -> (artifact id: '5c8f81046a243fedca825c454f04d8d7') in 0.021587 seconds 
========================================================================
Received Import Request.
  Time since last request: 0.000055 seconds.
  path: Assets/Animation/Dog_Run.fbx
  artifactKey: Guid(61d4460f2263ab949964c65bf9dbfb8e) Importer(815301076,1909f56bfc062723c751e8b465ee728b)
Start importing Assets/Animation/Dog_Run.fbx using Guid(61d4460f2263ab949964c65bf9dbfb8e) Importer(815301076,1909f56bfc062723c751e8b465ee728b)  -> (artifact id: '2fbab1fe470e8bd64f7b587a3be6e725') in 0.014774 seconds 
========================================================================
Received Import Request.
  Time since last request: 0.000026 seconds.
  path: Assets/Animation/Cat_HappyDance.fbx
  artifactKey: Guid(f654e2100b850f7459ae92b11f5a3e2d) Importer(815301076,1909f56bfc062723c751e8b465ee728b)
Start importing Assets/Animation/Cat_HappyDance.fbx using Guid(f654e2100b850f7459ae92b11f5a3e2d) Importer(815301076,1909f56bfc062723c751e8b465ee728b)  -> (artifact id: 'ea774b4209d3ba7180c6a3baea8a048a') in 0.015521 seconds 
========================================================================
Received Import Request.
  Time since last request: 0.000030 seconds.
  path: Assets/Animation/Rat_Death.fbx
  artifactKey: Guid(97d3d75c59ef7f544808ac9ea51905f2) Importer(815301076,1909f56bfc062723c751e8b465ee728b)
Start importing Assets/Animation/Rat_Death.fbx using Guid(97d3d75c59ef7f544808ac9ea51905f2) Importer(815301076,1909f56bfc062723c751e8b465ee728b)  -> (artifact id: 'f48fe080592ab317d427717d47b9fbf4') in 0.014188 seconds 
========================================================================
Received Import Request.
  Time since last request: 0.000031 seconds.
  path: Assets/Animation/ObstacleRoadWorksBarrierHigh_Death.fbx
  artifactKey: Guid(bbccc718107e16e4d9e070aa75df5218) Importer(815301076,1909f56bfc062723c751e8b465ee728b)
Start importing Assets/Animation/ObstacleRoadWorksBarrierHigh_Death.fbx using Guid(bbccc718107e16e4d9e070aa75df5218) Importer(815301076,1909f56bfc062723c751e8b465ee728b)  -> (artifact id: '038963e461d02799435ae66881acc2a5') in 0.017208 seconds 
========================================================================
Received Prepare
Registering precompiled user dll's ...
Registered in 0.008853 seconds.
Begin MonoManager ReloadAssembly
Native extension for WindowsStandalone target not found
Refreshing native plugins compatible for Editor in 1.06 ms, found 3 plugins.
Preloading 0 native plugins for Editor in 0.00 ms.
Mono: successfully reloaded assembly
- Completed reload, in  1.166 seconds
Domain Reload Profiling:
	ReloadAssembly (1167ms)
		BeginReloadAssembly (143ms)
			ExecutionOrderSort (0ms)
			DisableScriptedObjects (7ms)
			BackupInstance (0ms)
			ReleaseScriptingObjects (0ms)
			CreateAndSetChildDomain (58ms)
		EndReloadAssembly (933ms)
			LoadAssemblies (84ms)
			RebuildTransferFunctionScriptingTraits (0ms)
			SetupTypeCache (233ms)
			ReleaseScriptCaches (2ms)
			RebuildScriptCaches (56ms)
			SetupLoadedEditorAssemblies (454ms)
				LogAssemblyErrors (0ms)
				InitializePlatformSupportModulesInManaged (12ms)
				SetLoadedEditorAssemblies (0ms)
				RefreshPlugins (1ms)
				BeforeProcessingInitializeOnLoad (78ms)
				ProcessInitializeOnLoadAttributes (196ms)
				ProcessInitializeOnLoadMethodAttributes (160ms)
				AfterProcessingInitializeOnLoad (6ms)
				EditorAssembliesLoaded (0ms)
			ExecutionOrderSort2 (0ms)
			AwakeInstancesAfterBackupRestoration (34ms)
Platform modules already initialized, skipping
Refreshing native plugins compatible for Editor in 7.70 ms, found 3 plugins.
Preloading 0 native plugins for Editor in 0.00 ms.
Unloading 6133 Unused Serialized files (Serialized files now loaded: 0)
Unloading 66 unused Assets / (0.7 MB). Loaded Objects now: 6782.
Memory consumption went from 231.1 MB to 230.5 MB.
Total: 9.526000 ms (FindLiveObjects: 0.535400 ms CreateObjectMapping: 0.484600 ms MarkObjects: 7.806400 ms  DeleteObjects: 0.698400 ms)

AssetImportParameters requested are different than current active one (requested -> active):
  custom:video-decoder-ogg-theora: a1e56fd34408186e4bbccfd4996cb3dc -> 
  custom:container-muxer-webm: aa71ff27fc2769a1b78a27578f13a17b -> 
  custom:container-demuxer-webm: 4f35f7cbe854078d1ac9338744f61a02 -> 
  custom:video-encoder-webm-vp8: eb34c28f22e8b96e1ab97ce403110664 -> 
  custom:video-codec-MediaFoundation-h265: 746d11721c4dcdbdad8f713fa42b33f4 -> 
  custom:audio-encoder-webm-vorbis: bf7c407c2cedff20999df2af8eb42d56 -> 
  custom:framework-win-MediaFoundation: 216162199b28c13a410421893ffa2e32 -> 
  custom:container-demuxer-ogg: 62fdf1f143b41e24485cea50d1cbac27 -> 
  custom:video-decoder-webm-vp8: 9c59270c3fd7afecdb556c50c9e8de78 -> 
  custom:audio-decoder-ogg-vorbis: bf7c407c2cedff20999df2af8eb42d56 -> 
Editor requested this worker to shutdown with reason: Scaling down because of idle timeout
AssetImportWorker is now disconnected from the server
Process exiting
Exiting without the bug reporter. Application will terminate with return code 0